<?xml version="1.0" encoding="UTF-8"?>
<!-- Generated by org.testng.reporters.JUnitXMLReporter -->
<testsuite hostname="BDC7-L-DSNCVP2" ignored="0" name="Test maven testing" tests="3" failures="0" timestamp="30 Mar 2020 12:23:02 GMT" time="0.041" errors="0">
  <testcase name="sum" time="0.019" classname="com.qa.tests.Demitest"/>
  <testcase name="sum" time="0.0" classname="com.qa.tests.Demotest1"/>
  <testcase name="sum" time="0.0" classname="com.qa.tests.Demotest2"/>
</testsuite> <!-- Test maven testing -->
