<?xml version="1.0" encoding="UTF-8"?>
<!-- Generated by org.testng.reporters.JUnitXMLReporter -->
<testsuite hostname="BDC7-L-DSNCVP2" ignored="0" name="Test maven testing" tests="3" failures="0" timestamp="30 Mar 2020 13:16:00 GMT" time="0.061" errors="0">
  <testcase name="sum" time="0.019" classname="com.qa.tests.Demitest"/>
  <testcase name="sum" time="0.001" classname="com.qa.tests.Demotest1"/>
  <testcase name="sum" time="0.003" classname="com.qa.tests.Demotest2"/>
</testsuite> <!-- Test maven testing -->
