<?xml version="1.0" encoding="UTF-8"?>
<testng-results skipped="0" failed="0" ignored="0" total="3" passed="3">
  <reporter-output>
  </reporter-output>
  <suite name="Testmavensuite" duration-ms="41" started-at="2020-03-30T12:23:02Z" finished-at="2020-03-30T12:23:02Z">
    <groups>
    </groups>
    <test name="Test maven testing" duration-ms="41" started-at="2020-03-30T12:23:02Z" finished-at="2020-03-30T12:23:02Z">
      <class name="com.qa.tests.Demitest">
        <test-method status="PASS" signature="sum()[pri:0, instance:com.qa.tests.Demitest@3d0f8e03]" name="sum" duration-ms="19" started-at="2020-03-30T17:53:02Z" finished-at="2020-03-30T17:53:02Z">
          <reporter-output>
          </reporter-output>
        </test-method> <!-- sum -->
      </class> <!-- com.qa.tests.Demitest -->
      <class name="com.qa.tests.Demotest2">
        <test-method status="PASS" signature="sum()[pri:0, instance:com.qa.tests.Demotest2@43d7741f]" name="sum" duration-ms="0" started-at="2020-03-30T17:53:02Z" finished-at="2020-03-30T17:53:02Z">
          <reporter-output>
          </reporter-output>
        </test-method> <!-- sum -->
      </class> <!-- com.qa.tests.Demotest2 -->
      <class name="com.qa.tests.Demotest1">
        <test-method status="PASS" signature="sum()[pri:0, instance:com.qa.tests.Demotest1@2698dc7]" name="sum" duration-ms="0" started-at="2020-03-30T17:53:02Z" finished-at="2020-03-30T17:53:02Z">
          <reporter-output>
          </reporter-output>
        </test-method> <!-- sum -->
      </class> <!-- com.qa.tests.Demotest1 -->
    </test> <!-- Test maven testing -->
  </suite> <!-- Testmavensuite -->
</testng-results>
