<?xml version="1.0" encoding="UTF-8"?>
<testng-results skipped="0" failed="0" ignored="0" total="3" passed="3">
  <reporter-output>
  </reporter-output>
  <suite name="Testmavensuite" duration-ms="61" started-at="2020-03-30T13:16:00Z" finished-at="2020-03-30T13:16:00Z">
    <groups>
    </groups>
    <test name="Test maven testing" duration-ms="61" started-at="2020-03-30T13:16:00Z" finished-at="2020-03-30T13:16:00Z">
      <class name="com.qa.tests.Demitest">
        <test-method status="PASS" signature="sum()[pri:0, instance:com.qa.tests.Demitest@6328d34a]" name="sum" duration-ms="19" started-at="2020-03-30T18:46:00Z" finished-at="2020-03-30T18:46:00Z">
          <reporter-output>
          </reporter-output>
        </test-method> <!-- sum -->
      </class> <!-- com.qa.tests.Demitest -->
      <class name="com.qa.tests.Demotest2">
        <test-method status="PASS" signature="sum()[pri:0, instance:com.qa.tests.Demotest2@2d2e5f00]" name="sum" duration-ms="3" started-at="2020-03-30T18:46:00Z" finished-at="2020-03-30T18:46:00Z">
          <reporter-output>
          </reporter-output>
        </test-method> <!-- sum -->
      </class> <!-- com.qa.tests.Demotest2 -->
      <class name="com.qa.tests.Demotest1">
        <test-method status="PASS" signature="sum()[pri:0, instance:com.qa.tests.Demotest1@8b96fde]" name="sum" duration-ms="1" started-at="2020-03-30T18:46:00Z" finished-at="2020-03-30T18:46:00Z">
          <reporter-output>
          </reporter-output>
        </test-method> <!-- sum -->
      </class> <!-- com.qa.tests.Demotest1 -->
    </test> <!-- Test maven testing -->
  </suite> <!-- Testmavensuite -->
</testng-results>
